19-11-25 22:30:06:video:add{"name":"yemei","image":"http:\/\/test.com","url":"http:\/\/test.com","content":"qwertyhgffsa","cat_id":"1"}
19-11-25 22:31:47:video:add{"name":"yemei","image":"http:\/\/test.com","url":"http:\/\/test.com","content":"qwertyhgffsa","cat_id":"1"}
19-11-25 22:31:47:video:addswoole exit
19-11-25 22:34:02:video:add{"name":"yemei","image":"http:\/\/test.com","url":"http:\/\/test.com","content":"qwertyhgffsa","cat_id":"1"}
19-11-25 22:34:02:video:addswoole exit
19-11-25 22:35:38:video:add{"name":"yemei","image":"http:\/\/test.com","url":"http:\/\/test.com","content":"qwertyhgffsa","cat_id":"1"}
19-11-25 22:35:38:video:addswoole exit
19-11-25 22:37:22:video:add{"name":"yemei","image":"http:\/\/test.com","url":"http:\/\/test.com","content":"qwertyhgffsa","cat_id":"1"}
19-11-25 22:37:22:video:addswoole exit
19-11-25 22:41:53:video:add{"name":"yemei","image":"http:\/\/test.com","url":"http:\/\/test.com","content":"qwertyhgffsa","cat_id":"1"}
19-11-25 22:45:52:video:add{"name":"yemei","image":"http:\/\/test.com","url":"http:\/\/test.com","content":"qwertyhgffsa","cat_id":"1"}
19-11-25 22:45:52:video:adddb error
19-11-25 22:46:53:video:add{"name":"yemei","image":"http:\/\/test.com","url":"http:\/\/test.com","content":"qwertyhgffsa","cat_id":"1"}
19-11-25 22:46:53:video:adddb error
19-11-25 22:54:28:video:add{"name":"yemei","image":"http:\/\/test.com","url":"http:\/\/test.com","content":"qwertyhgffsa","cat_id":"1"}
19-11-25 22:58:43:video:add{"name":"yemei","image":"http:\/\/test.com","url":"http:\/\/test.com","content":"qwertyhgffsa","cat_id":"1"}
19-11-25 22:58:43:video:addHOST parameter is required
19-11-25 23:39:09:video:add{"name":"yemei","image":"http:\/\/test.com","url":"http:\/\/test.com","content":"qwertyhgffsa","cat_id":"1"}
19-11-25 23:39:09:video:adddb error
19-11-25 23:39:51:video:add{"name":"yemei","image":"http:\/\/test.com","url":"http:\/\/test.com","content":"qwertyhgffsa","cat_id":"1"}
19-11-25 23:39:51:video:add
19-11-25 23:40:13:video:add{"name":"yemei","image":"http:\/\/test.com","url":"http:\/\/test.com","content":"qwertyhgffsa","cat_id":"1"}
19-11-25 23:40:13:video:addMysqliDb
19-11-25 23:54:57:video:add{"name":"yemei","image":"http:\/\/test.com","url":"http:\/\/test.com","content":"qwertyhgffsa","cat_id":"1"}
19-11-25 23:54:57:video:addApp\Db\MysqliDb
19-11-25 23:56:42:video:add{"name":"yemei","image":"http:\/\/test.com","url":"http:\/\/test.com","content":"qwertyhgffsa","cat_id":"1"}
19-11-25 23:56:42:video:addApp\Db\MysqliDb
19-11-25 23:57:32:video:add{"name":"yemei","image":"http:\/\/test.com","url":"http:\/\/test.com","content":"qwertyhgffsa","cat_id":"1"}
19-11-26 09:30:14:video:add{"name":"yemei","image":"http:\/\/test.com","url":"http:\/\/test.com","content":"qwertyhgffsa","cat_id":"1"}
19-11-26 09:33:15:video:add{"name":"yemei","image":"http:\/\/test.com","url":"http:\/\/test.com","content":"qwertyhgffsa","cat_id":"1"}
19-11-26 09:40:22:video:add{"name":"yemei","image":"http:\/\/test.com","url":"http:\/\/test.com","content":"qwertyhgffsa","cat_id":"1"}
19-11-26 09:40:23:video:add{"name":"yemei","image":"http:\/\/test.com","url":"http:\/\/test.com","content":"qwertyhgffsa","cat_id":"1"}
19-11-26 13:35:28:video:add{"name":"yemei","image":"http:\/\/test.com","url":"http:\/\/test.com","content":"qwertyhgffsa","cat_id":"1"}
19-11-26 13:38:04:video:add[]
19-11-26 13:39:30:video:add{"name":"yemei","image":"http:\/\/test.com","url":"http:\/\/test.com","content":"qwertyhgffsa","cat_id":"1"}
19-11-26 13:39:31:video:addMysqliDb
19-11-26 13:42:01:video:add{"name":"yemei","image":"http:\/\/test.com","url":"http:\/\/test.com","content":"qwertyhgffsa","cat_id":"1"}
19-11-26 13:43:05:video:add{"name":"yemei","image":"http:\/\/test.com","url":"http:\/\/test.com","content":"qwertyhgffsa","cat_id":"1"}
19-11-26 13:43:05:video:addMysqliDb
19-11-26 13:52:31:video:add{"name":"yemei","image":"http:\/\/test.com","url":"http:\/\/test.com","content":"qwertyhgffsa","cat_id":"1"}
19-11-26 13:52:31:video:adddb error
19-11-26 13:53:06:video:add{"name":"yemei","image":"http:\/\/test.com","url":"http:\/\/test.com","content":"qwertyhgffsa","cat_id":"1"}
19-11-26 13:53:06:video:adddb error
19-11-26 14:04:54:video:add{"name":"yemei","image":"http:\/\/test.com","url":"http:\/\/test.com","content":"qwertyhgffsa","cat_id":"1"}
19-11-26 14:04:54:video:adddb error
19-11-26 14:06:26:video:add{"name":"yemei","image":"http:\/\/test.com","url":"http:\/\/test.com","content":"qwertyhgffsa","cat_id":"1"}
19-11-26 14:06:26:video:adddb error
19-11-26 14:07:01:video:add{"name":"yemei","image":"http:\/\/test.com","url":"http:\/\/test.com","content":"qwertyhgffsa","cat_id":"1"}
19-11-26 14:07:01:video:adddb error
19-11-26 14:07:52:video:add{"name":"yemei","image":"http:\/\/test.com","url":"http:\/\/test.com","content":"qwertyhgffsa","cat_id":"1"}
19-11-26 14:08:23:video:add{"name":"yemei","image":"http:\/\/test.com","url":"http:\/\/test.com","content":"qwertyhgffsa","cat_id":"1"}
19-11-26 14:15:41:video:add{"name":"yemei","image":"http:\/\/test.com","url":"http:\/\/test.com","content":"qwertyhgffsa","cat_id":"1"}
